DEBUG:root:add: 10 + 5 = 15
DEBUG:root:sub: 10 - 5 = 5
DEBUG:root:mult: 10 * 5 = 50
DEBUG:root:div: 10 / 5 = 2.0
DEBUG:root:add: 10 + 5 = 15
DEBUG:root:sub: 10 - 5 = 5
DEBUG:root:mult: 10 * 5 = 50
DEBUG:root:div: 10 / 5 = 2.0
DEBUG:root:add: 10 + 5 = 15
DEBUG:root:sub: 10 - 5 = 5
DEBUG:root:mult: 10 * 5 = 50
DEBUG:root:div: 10 / 5 = 2.0
DEBUG:root:add: 10 + 0 = 10
DEBUG:root:sub: 10 - 0 = 10
DEBUG:root:mult: 10 * 0 = 0
DEBUG:root:add: 10 + 5 = 15
DEBUG:root:sub: 10 - 5 = 5
DEBUG:root:mult: 10 * 5 = 50
DEBUG:root:div: 10 / 5 = 2.0
2021-10-13 11:00:52,932:DEBUG:add: 10 + 5 = 15
2021-10-13 11:00:52,932:DEBUG:sub: 10 - 5 = 5
2021-10-13 11:00:52,932:DEBUG:mult: 10 * 5 = 50
2021-10-13 11:00:52,932:DEBUG:div: 10 / 5 = 2.0
